<?xml version="1.0" encoding="UTF-8"?>
<!-- Generated by org.testng.reporters.JUnitReportReporter -->
<testsuite hostname="AartiRaj" failures="0" tests="1" name="testCases.TC_08_Verify_forgotPassword_WithValid_Email" time="5.941" errors="0" timestamp="2024-09-11T14:07:53 IST" skipped="0">
  <testcase classname="testCases.TC_08_Verify_forgotPassword_WithValid_Email" name="Verify_with_valid_email" time="5.941"/>
</testsuite> <!-- testCases.TC_08_Verify_forgotPassword_WithValid_Email -->
