<?xml version="1.0" encoding="UTF-8"?>
<!-- Generated by org.testng.reporters.JUnitReportReporter -->
<testsuite hostname="AartiRaj" failures="0" tests="1" name="testCases.TC_02_registration_invalid_cred" time="5.340" errors="0" timestamp="2024-09-11T11:47:33 IST" skipped="0">
  <testcase classname="testCases.TC_02_registration_invalid_cred" name="test" time="5.340"/>
</testsuite> <!-- testCases.TC_02_registration_invalid_cred -->
