<?xml version="1.0" encoding="UTF-8"?>
<!-- Generated by org.testng.reporters.JUnitReportReporter -->
<testsuite hostname="AartiRaj" failures="0" tests="6" name="testCases.TC_01_registration_valid" time="26.885" errors="0" timestamp="2024-09-11T16:38:36 IST" skipped="0">
  <testcase classname="testCases.TC_01_registration_valid" name="test" time="4.008"/>
  <testcase classname="testCases.TC_01_registration_valid" name="test" time="4.835"/>
  <testcase classname="testCases.TC_01_registration_valid" name="test" time="4.157"/>
  <testcase classname="testCases.TC_01_registration_valid" name="test" time="5.175"/>
  <testcase classname="testCases.TC_01_registration_valid" name="test" time="4.267"/>
  <testcase classname="testCases.TC_01_registration_valid" name="test" time="4.443"/>
</testsuite> <!-- testCases.TC_01_registration_valid -->
