<?xml version="1.0" encoding="UTF-8"?>
<!-- Generated by org.testng.reporters.JUnitReportReporter -->
<testsuite hostname="AartiRaj" failures="0" tests="1" name="testCases.TC_09_Verify_forgotPassword_WithInValid_Email" time="5.035" errors="0" timestamp="2024-09-11T14:15:12 IST" skipped="0">
  <testcase classname="testCases.TC_09_Verify_forgotPassword_WithInValid_Email" name="Verify_with_Invalid_email" time="5.035"/>
</testsuite> <!-- testCases.TC_09_Verify_forgotPassword_WithInValid_Email -->
