<?xml version="1.0" encoding="UTF-8"?>
<!-- Generated by org.testng.reporters.JUnitReportReporter -->
<testsuite hostname="AartiRaj" failures="0" tests="1" name="testCases.TC_07_Verify_login_without_credentials" time="4.580" errors="0" timestamp="2024-09-11T14:15:12 IST" skipped="0">
  <testcase classname="testCases.TC_07_Verify_login_without_credentials" name="loginTest" time="4.580"/>
</testsuite> <!-- testCases.TC_07_Verify_login_without_credentials -->
