<?xml version="1.0" encoding="UTF-8"?>
<!-- Generated by org.testng.reporters.JUnitReportReporter -->
<testsuite hostname="AartiRaj" failures="0" tests="1" name="testCases.TC_07_Verify_login_without_credentials" time="10.150" errors="0" timestamp="2024-09-11T13:18:31 IST" skipped="0">
  <testcase classname="testCases.TC_07_Verify_login_without_credentials" name="loginTest" time="10.150"/>
</testsuite> <!-- testCases.TC_07_Verify_login_without_credentials -->
