<?xml version="1.0" encoding="UTF-8"?>
<!-- Generated by org.testng.reporters.JUnitReportReporter -->
<testsuite hostname="AartiRaj" failures="0" tests="1" name="testCases.TC_05_Verify_login_with_valid_email_invalidPassword" time="6.209" errors="0" timestamp="2024-09-11T14:15:12 IST" skipped="0">
  <testcase classname="testCases.TC_05_Verify_login_with_valid_email_invalidPassword" name="loginTest" time="6.209"/>
</testsuite> <!-- testCases.TC_05_Verify_login_with_valid_email_invalidPassword -->
